    0.1000000000E+01    0.1240701316E+01    0.4254754182E-06    0.1740929335E-03    0.4254754182E-06    0.4254754184E-06
    0.2974273823E+01    0.1784271310E+01    0.2380521843E-05    0.1050198295E-02    0.7080323803E-05    0.7633884563E-05
    0.5102902241E+01    0.2136024971E+01    0.4136021921E-05    0.1967317424E-02    0.2110571553E-04    0.2453494097E-04
    0.7397953154E+01    0.2417525711E+01    0.5518551094E-05    0.2830147972E-02    0.4082598247E-04    0.5116983900E-04
    0.9872437967E+01    0.2661595461E+01    0.6595180997E-05    0.3646727082E-02    0.6511051528E-04    0.8798750576E-04
    0.1254038536E+02    0.2882510315E+01    0.7441689769E-05    0.4436500892E-02    0.9332165741E-04    0.1359705287E-03
    0.1541692080E+02    0.3087922959E+01    0.8108347145E-05    0.5211872881E-02    0.1250057458E-03    0.1963743619E-03
    0.1851835234E+02    0.3282474470E+01    0.8631843765E-05    0.5982153053E-02    0.1598475242E-03    0.2707404796E-03
    0.2186226300E+02    0.3469223511E+01    0.9046876724E-05    0.6759975005E-02    0.1977851983E-03    0.3611881850E-03
    0.2546761055E+02    0.3650311915E+01    0.9372063268E-05    0.7550471940E-02    0.2386840573E-03    0.4699543010E-03
    0.2935483487E+02    0.3827311320E+01    0.9618855186E-05    0.8355159425E-02    0.2823599057E-03    0.5994151475E-03
    0.3354597395E+02    0.4001419134E+01    0.9803500150E-05    0.9181317014E-02    0.3288679606E-03    0.7527291230E-03
    0.3806478873E+02    0.4173576554E+01    0.9933186884E-05    0.1003009157E-01    0.3781046602E-03    0.9330859554E-03
    0.4293689789E+02    0.4344543308E+01    0.1001444528E-04    0.1090274006E-01    0.4299892143E-03    0.1144088586E-02
    0.4818992301E+02    0.4514946968E+01    0.1005449174E-04    0.1180215599E-01    0.4845251827E-03    0.1389987560E-02
    0.5385364525E+02    0.4685316619E+01    0.1005553633E-04    0.1272620564E-01    0.5415272861E-03    0.1674971310E-02
    0.5996017412E+02    0.4856106520E+01    0.1002321455E-04    0.1367707386E-01    0.6009936896E-03    0.2004238537E-02
    0.6654412957E+02    0.5027713158E+01    0.9959593145E-05    0.1465278684E-01    0.6627524567E-03    0.2382995989E-02
    0.7364283822E+02    0.5200487802E+01    0.9867236677E-05    0.1565188500E-01    0.7266513143E-03    0.2817023675E-02
    0.8129654501E+02    0.5374745925E+01    0.9748784748E-05    0.1667301161E-01    0.7925425181E-03    0.3312679899E-02
    0.8954864134E+02    0.5550774396E+01    0.9605071109E-05    0.1771155223E-01    0.8601210679E-03    0.3876224802E-02
    0.9844591109E+02    0.5728837061E+01    0.9438430374E-05    0.1876498773E-01    0.9291748775E-03    0.4514808127E-02
    0.1080387958E+03    0.5909179117E+01    0.9250172158E-05    0.1982854250E-01    0.9993774611E-03    0.5235568646E-02
    0.1183816808E+03    0.6092030608E+01    0.9041015692E-05    0.2089539900E-01    0.1070290634E-02    0.6045448154E-02
    0.1295332032E+03    0.6277609226E+01    0.8812574353E-05    0.2195981657E-01    0.1141520985E-02    0.6951894044E-02
    0.1415565849E+03    0.6466122602E+01    0.8565901831E-05    0.2301396643E-01    0.1212559809E-02    0.7961866339E-02
    0.1545199902E+03    0.6657770186E+01    0.8301850615E-05    0.2404837665E-01    0.1282801875E-02    0.9081629243E-02
    0.1684969131E+03    0.6852744804E+01    0.8021644688E-05    0.2505340395E-01    0.1351622368E-02    0.1031696650E-01
    0.1835665933E+03    0.7051233970E+01    0.7726435416E-05    0.2601806335E-01    0.1418315428E-02    0.1167244794E-01
    0.1998144659E+03    0.7253420993E+01    0.7417286839E-05    0.2692981257E-01    0.1482081208E-02    0.1315084285E-01
    0.2173326455E+03    0.7459485915E+01    0.7095566501E-05    0.2777587824E-01    0.1542098239E-02    0.1475319548E-01
    0.2362204484E+03    0.7669606326E+01    0.6762521567E-05    0.2854183273E-01    0.1597445877E-02    0.1647755148E-01
    0.2565849559E+03    0.7883958069E+01    0.6419593168E-05    0.2921279884E-01    0.1647171030E-02    0.1831882814E-01
    0.2785416211E+03    0.8102715848E+01    0.6068413084E-05    0.2977373143E-01    0.1690305618E-02    0.2026827071E-01
    0.3022149237E+03    0.8326053775E+01    0.5710714167E-05    0.3020932507E-01    0.1725863046E-02    0.2231260410E-01
    0.3277390753E+03    0.8554145849E+01    0.5348308328E-05    0.3050419046E-01    0.1752849626E-02    0.2443323987E-01
    0.3552587811E+03    0.8787166385E+01    0.4983203364E-05    0.3064390781E-01    0.1770326753E-02    0.2660616617E-01
    0.3849300591E+03    0.9025290402E+01    0.4617461024E-05    0.3061478705E-01    0.1777399545E-02    0.2880092260E-01
    0.4169211259E+03    0.9268693977E+01    0.4253310465E-05    0.3040517853E-01    0.1773294988E-02    0.3098095426E-01
    0.4514133494E+03    0.9517554566E+01    0.3893056645E-05    0.3000569320E-01    0.1757377739E-02    0.3310330788E-01
    0.4886022773E+03    0.9772051303E+01    0.3539082217E-05    0.2941007027E-01    0.1729203631E-02    0.3511922146E-01
    0.5286987462E+03    0.1003236527E+02    0.3193786924E-05    0.2861566330E-01    0.1688551142E-02    0.3697476550E-01
    0.5719300762E+03    0.1029867978E+02    0.2859542655E-05    0.2762402297E-01    0.1635458449E-02    0.3861207959E-01
    0.6185413600E+03    0.1057118057E+02    0.2538649290E-05    0.2644146561E-01    0.1570259585E-02    0.3997123799E-01
    0.6687968525E+03    0.1085005608E+02    0.2233285904E-05    0.2507954245E-01    0.1493614583E-02    0.4099276004E-01
    0.7229814688E+03    0.1113549767E+02    0.1945445745E-05    0.2355520436E-01    0.1406521223E-02    0.4162050764E-01
    0.7814023994E+03    0.1142769979E+02    0.1676878871E-05    0.2189081415E-01    0.1310317174E-02    0.4180516916E-01
    0.8443908519E+03    0.1172686024E+02    0.1429027727E-05    0.2011376377E-01    0.1206657940E-02    0.4150784587E-01
    0.9123039288E+03    0.1203318031E+02    0.1202974620E-05    0.1825583169E-01    0.1097478472E-02    0.4070375720E-01
    0.9855266520E+03    0.1234686503E+02    0.9994030304E-06    0.1635227902E-01    0.9849383225E-03    0.3938582919E-01
    0.1064474145E+04    0.1266812330E+02    0.8185647746E-06    0.1444053046E-01    0.8713410387E-03    0.3756743945E-01
    0.1149593988E+04    0.1299716814E+02    0.6602676748E-06    0.1255863966E-01    0.7590397494E-03    0.3528421130E-01
    0.1241368753E+04    0.1333421682E+02    0.5238791900E-06    0.1074350969E-01    0.6503272568E-03    0.3259419953E-01
    0.1340318742E+04    0.1367949105E+02    0.4083536254E-06    0.9029088639E-02    0.5473240175E-03    0.2957640181E-01
    0.1447004935E+04    0.1403321719E+02    0.3122803808E-06    0.7444656597E-02    0.4518712521E-03    0.2632740248E-01
    0.1562032172E+04    0.1439562641E+02    0.2339486388E-06    0.6013301239E-02    0.3654353004E-03    0.2295600263E-01
    0.1686052580E+04    0.1476695486E+02    0.1714273259E-06    0.4750780410E-02    0.2890354850E-03    0.1957624546E-01
    0.1819769272E+04    0.1514744387E+02    0.1226558360E-06    0.3664929222E-02    0.2232053214E-03    0.1629953632E-01
    0.1963940332E+04    0.1553734011E+02    0.8553712547E-07    0.2755652783E-02    0.1679898106E-03    0.1322653589E-01
    0.2119383115E+04    0.1593689579E+02    0.5802697615E-07    0.2015543852E-02    0.1229813935E-03    0.1043986908E-01
    0.2286978876E+04    0.1634636883E+02    0.3821223219E-07    0.1431057844E-02    0.8739056780E-04    0.7998575938E-02
    0.2467677771E+04    0.1676602306E+02    0.2437208832E-07    0.9841017233E-03    0.6014246059E-04    0.5935014332E-02
    0.2662504244E+04    0.1719612839E+02    0.1501929625E-07    0.6538668219E-03    0.3998894000E-04    0.4254739161E-02
    0.2872562828E+04    0.1763696101E+02    0.8919596827E-08    0.4186753677E-03    0.2562210229E-04    0.2939275383E-02
    0.3099044418E+04    0.1808880358E+02    0.5090612151E-08    0.2576289505E-03    0.1577603317E-04    0.1951262939E-02
    0.3343233010E+04    0.1855194543E+02    0.2783729270E-08    0.1518952241E-03    0.9306655587E-05    0.1241092342E-02
    0.3606512993E+04    0.1902668273E+02    0.1453872666E-08    0.8553344480E-04    0.5243410662E-05    0.7539052978E-03
    0.3890376987E+04    0.1951331874E+02    0.7227357836E-09    0.4584390647E-04    0.2811714660E-05    0.4358796929E-03
    0.4196434312E+04    0.2001216396E+02    0.3407164233E-09    0.2330169947E-04    0.1429794089E-05    0.2389798900E-03
    0.4526420108E+04    0.2052353640E+02    0.1517267457E-09    0.1118791454E-04    0.6867789927E-06    0.1237648530E-03
    0.4882205174E+04    0.2104776171E+02    0.6355711892E-10    0.5052934491E-05    0.3102988948E-06    0.6029107468E-04
    0.5265806574E+04    0.2158517348E+02    0.2493171004E-10    0.2137095853E-05    0.1312855626E-06    0.2750313716E-04
    0.5679399072E+04    0.2213611342E+02    0.9114797959E-11    0.8423865986E-06    0.5176657507E-07    0.1169249428E-04
    0.6125327459E+04    0.2270093158E+02    0.3089814874E-11    0.3078855671E-06    0.1892612789E-07    0.4609055869E-05
    0.6606119854E+04    0.2327998658E+02    0.9659315656E-12    0.1037757064E-06    0.6381059693E-08    0.1675465455E-05
    0.7124502026E+04    0.2387364587E+02    0.2768694409E-12    0.3207131976E-07    0.1972556892E-08    0.5584247738E-06
    0.7683412858E+04    0.2448228595E+02    0.7231812191E-13    0.9031947735E-08    0.5556499877E-09    0.1696011984E-06
    0.8286020998E+04    0.2510629260E+02    0.1710124287E-13    0.2302790452E-08    0.1417012575E-09    0.4663304563E-07
    0.8935742835E+04    0.2574606116E+02    0.3635911468E-14    0.5278767251E-09    0.3248956985E-10    0.1152806738E-07
    0.9636261855E+04    0.2640199678E+02    0.6899683730E-15    0.1080042552E-09    0.6648715913E-11    0.2543564704E-08
