    0.2443955707E-02    0.3749162044E-01
    0.7268993485E-02    0.2097644601E+00
    0.1247126705E-01    0.3644538729E+00
    0.1808026983E-01    0.4862782058E+00
    0.2412780111E-01    0.5811476107E+00
    0.3064814636E-01    0.6557394301E+00
    0.3767827158E-01    0.7144832828E+00
    0.4525803288E-01    0.7606122382E+00
    0.5343040244E-01    0.7971837004E+00
    0.6224171214E-01    0.8258381654E+00
    0.7174191622E-01    0.8475847306E+00
    0.8198487448E-01    0.8638550922E+00
    0.9302865766E-01    0.8752826990E+00
    0.1049358766E+00    0.8824429457E+00
    0.1177740374E+00    0.8859717197E+00
    0.1316159237E+00    0.8860637657E+00
    0.1465400097E+00    0.8832156674E+00
    0.1626309052E+00    0.8776095398E+00
    0.1799798348E+00    0.8694713642E+00
    0.1986851552E+00    0.8590337347E+00
    0.2188529131E+00    0.8463701190E+00
    0.2405974463E+00    0.8316862362E+00
    0.2640420316E+00    0.8150974856E+00
    0.2893195844E+00    0.7966672438E+00
    0.3165734113E+00    0.7765376767E+00
    0.3459580235E+00    0.7548016323E+00
    0.3776400119E+00    0.7315342295E+00
    0.4117989923E+00    0.7068433219E+00
    0.4486286233E+00    0.6808303643E+00
    0.4883377044E+00    0.6535891169E+00
    0.5311513593E+00    0.6252400836E+00
    0.5773123131E+00    0.5958931608E+00
    0.6270822674E+00    0.5656753367E+00
    0.6807433846E+00    0.5347303987E+00
    0.7385998875E+00    0.5032110408E+00
    0.8009797837E+00    0.4712769229E+00
    0.8682367255E+00    0.4391049661E+00
    0.9407520149E+00    0.4068768458E+00
    0.1018936765E+01    0.3747889884E+00
    0.1103234231E+01    0.3430444999E+00
    0.1194122324E+01    0.3118533328E+00
    0.1292116318E+01    0.2814269450E+00
    0.1397771774E+01    0.2519743404E+00
    0.1511687687E+01    0.2236981775E+00
    0.1634509885E+01    0.1967904698E+00
    0.1766934687E+01    0.1714268565E+00
    0.1909712853E+01    0.1477615474E+00
    0.2063653842E+01    0.1259216464E+00
    0.2229630394E+01    0.1060025231E+00
    0.2408583486E+01    0.8806440391E-01
    0.2601527662E+01    0.7212947804E-01
    0.2809556788E+01    0.5818081138E-01
    0.3033850249E+01    0.4616266630E-01
    0.3275679639E+01    0.3598289930E-01
    0.3536415970E+01    0.2751721252E-01
    0.3817537442E+01    0.2061485386E-01
    0.4120637825E+01    0.1510566289E-01
    0.4447435498E+01    0.1080806517E-01
    0.4799783184E+01    0.7537275491E-02
    0.5179678459E+01    0.5113163469E-02
    0.5589275075E+01    0.3367147534E-02
    0.6030895172E+01    0.2147595479E-02
    0.6507042441E+01    0.1323455434E-02
    0.7020416318E+01    0.7859681768E-03
    0.7573927291E+01    0.4485695070E-03
    0.8170713396E+01    0.2452938918E-03
    0.8814158013E+01    0.1281109081E-03
    0.9507909041E+01    0.6368531417E-04
    0.1025589959E+02    0.3002291149E-04
    0.1106237026E+02    0.1336970673E-04
    0.1193189320E+02    0.5600463098E-05
    0.1286939803E+02    0.2196907670E-05
    0.1388019977E+02    0.8031687164E-06
    0.1497002900E+02    0.2722652392E-06
    0.1614506432E+02    0.8511499862E-07
    0.1741196739E+02    0.2439690648E-07
    0.1877792070E+02    0.6372456460E-08
    0.2025066831E+02    0.1506910339E-08
    0.2183855970E+02    0.3203856366E-09
    0.2355059716E+02    0.6079794801E-10
